# JRE version: OpenJDK Runtime Environment (22.0.1+8) (build 22.0.1+8-16)
# Java VM: OpenJDK 64-Bit Server VM (22.0.1+8-16, mixed mode, sharing, tiered, compressed oops, compressed class ptrs, g1 gc, windows-amd64)
GC Precious Log:
 CardTable entry size: 512
 Card Set container configuration: InlinePtr #cards 4 size 8 Array Of Cards #cards 16 size 48 Howl #buckets 8 coarsen threshold 3686 Howl Bitmap #cards 512 size 80 coarsen threshold 460 Card regions per heap region 1 cards per card region 4096
 CPUs: 12 total, 12 available
 Memory: 15591M
 Large Page Support: Disabled
 NUMA Support: Disabled
 Compressed Oops: Enabled (Zero based)
 Heap Region Size: 2M
 Heap Min Capacity: 8M
 Heap Initial Capacity: 244M
 Heap Max Capacity: 3898M
 Pre-touch: Disabled
 Parallel Workers: 10
 Concurrent Workers: 3
 Concurrent Refinement Workers: 10
 Periodic GC: Disabled
Heap:
 garbage-first heap   total reserved 3991552K, committed 86016K, used 68087K [0x000000070c600000, 0x0000000800000000)
  region size 2048K, 23 young (47104K), 3 survivors (6144K)
 Metaspace       used 48168K, committed 48896K, reserved 1114112K
  class space    used 6512K, committed 6848K, reserved 1048576K
GC Heap History (16 events):
Event: 0.770 GC heap before
{Heap before GC invocations=0 (full 0):
 garbage-first heap   total reserved 3991552K, committed 249856K, used 22528K [0x000000070c600000, 0x0000000800000000)
  region size 2048K, 12 young (24576K), 0 survivors (0K)
 Metaspace       used 4741K, committed 4992K, reserved 1114112K
  class space    used 535K, committed 640K, reserved 1048576K
}
Event: 0.777 GC heap after
{Heap after GC invocations=1 (full 0):
 garbage-first heap   total reserved 3991552K, committed 249856K, used 7744K [0x000000070c600000, 0x0000000800000000)
  region size 2048K, 2 young (4096K), 2 survivors (4096K)
 Metaspace       used 4741K, committed 4992K, reserved 1114112K
  class space    used 535K, committed 640K, reserved 1048576K
}
Event: 2.522 GC heap before
{Heap before GC invocations=1 (full 0):
 garbage-first heap   total reserved 3991552K, committed 249856K, used 34368K [0x000000070c600000, 0x0000000800000000)
  region size 2048K, 16 young (32768K), 2 survivors (4096K)
 Metaspace       used 12196K, committed 12544K, reserved 1114112K
  class space    used 1430K, committed 1600K, reserved 1048576K
}
Event: 2.527 GC heap after
{Heap after GC invocations=2 (full 0):
 garbage-first heap   total reserved 3991552K, committed 249856K, used 10855K [0x000000070c600000, 0x0000000800000000)
  region size 2048K, 2 young (4096K), 2 survivors (4096K)
 Metaspace       used 12196K, committed 12544K, reserved 1114112K
  class space    used 1430K, committed 1600K, reserved 1048576K
}
Event: 3.596 GC heap before
{Heap before GC invocations=2 (full 0):
 garbage-first heap   total reserved 3991552K, committed 249856K, used 74343K [0x000000070c600000, 0x0000000800000000)
  region size 2048K, 34 young (69632K), 2 survivors (4096K)
 Metaspace       used 21197K, committed 21504K, reserved 1114112K
  class space    used 2541K, committed 2688K, reserved 1048576K
}
Event: 3.602 GC heap after
{Heap after GC invocations=3 (full 0):
 garbage-first heap   total reserved 3991552K, committed 249856K, used 15139K [0x000000070c600000, 0x0000000800000000)
  region size 2048K, 4 young (8192K), 4 survivors (8192K)
 Metaspace       used 21197K, committed 21504K, reserved 1114112K
  class space    used 2541K, committed 2688K, reserved 1048576K
}
Event: 4.618 GC heap before
{Heap before GC invocations=4 (full 0):
 garbage-first heap   total reserved 3991552K, committed 55296K, used 54051K [0x000000070c600000, 0x0000000800000000)
  region size 2048K, 23 young (47104K), 4 survivors (8192K)
 Metaspace       used 26685K, committed 27136K, reserved 1114112K
  class space    used 3325K, committed 3520K, reserved 1048576K
}
Event: 4.630 GC heap after
{Heap after GC invocations=5 (full 0):
 garbage-first heap   total reserved 3991552K, committed 67584K, used 18724K [0x000000070c600000, 0x0000000800000000)
  region size 2048K, 6 young (12288K), 6 survivors (12288K)
 Metaspace       used 26685K, committed 27136K, reserved 1114112K
  class space    used 3325K, committed 3520K, reserved 1048576K
}
Event: 5.198 GC heap before
{Heap before GC invocations=5 (full 0):
 garbage-first heap   total reserved 3991552K, committed 67584K, used 45348K [0x000000070c600000, 0x0000000800000000)
  region size 2048K, 19 young (38912K), 6 survivors (12288K)
 Metaspace       used 31904K, committed 32384K, reserved 1114112K
  class space    used 3981K, committed 4160K, reserved 1048576K
}
Event: 5.218 GC heap after
{Heap after GC invocations=6 (full 0):
 garbage-first heap   total reserved 3991552K, committed 67584K, used 21691K [0x000000070c600000, 0x0000000800000000)
  region size 2048K, 2 young (4096K), 2 survivors (4096K)
 Metaspace       used 31904K, committed 32384K, reserved 1114112K
  class space    used 3981K, committed 4160K, reserved 1048576K
}
Event: 5.916 GC heap before
{Heap before GC invocations=6 (full 0):
 garbage-first heap   total reserved 3991552K, committed 67584K, used 52411K [0x000000070c600000, 0x0000000800000000)
  region size 2048K, 17 young (34816K), 2 survivors (4096K)
 Metaspace       used 34871K, committed 35520K, reserved 1114112K
  class space    used 4438K, committed 4736K, reserved 1048576K
}
Event: 5.928 GC heap after
{Heap after GC invocations=7 (full 0):
 garbage-first heap   total reserved 3991552K, committed 67584K, used 23252K [0x000000070c600000, 0x0000000800000000)
  region size 2048K, 3 young (6144K), 3 survivors (6144K)
 Metaspace       used 34871K, committed 35520K, reserved 1114112K
  class space    used 4438K, committed 4736K, reserved 1048576K
}
Event: 6.089 GC heap before
{Heap before GC invocations=7 (full 0):
 garbage-first heap   total reserved 3991552K, committed 67584K, used 25300K [0x000000070c600000, 0x0000000800000000)
  region size 2048K, 5 young (10240K), 3 survivors (6144K)
 Metaspace       used 35394K, committed 35968K, reserved 1114112K
  class space    used 4522K, committed 4800K, reserved 1048576K
}
Event: 6.099 GC heap after
{Heap after GC invocations=8 (full 0):
 garbage-first heap   total reserved 3991552K, committed 86016K, used 23948K [0x000000070c600000, 0x0000000800000000)
  region size 2048K, 2 young (4096K), 2 survivors (4096K)
 Metaspace       used 35394K, committed 35968K, reserved 1114112K
  class space    used 4522K, committed 4800K, reserved 1048576K
}
Event: 7.323 GC heap before
{Heap before GC invocations=9 (full 0):
 garbage-first heap   total reserved 3991552K, committed 86016K, used 69004K [0x000000070c600000, 0x0000000800000000)
  region size 2048K, 24 young (49152K), 2 survivors (4096K)
 Metaspace       used 42267K, committed 42880K, reserved 1114112K
  class space    used 5544K, committed 5824K, reserved 1048576K
}
Event: 7.338 GC heap after
{Heap after GC invocations=10 (full 0):
 garbage-first heap   total reserved 3991552K, committed 86016K, used 29175K [0x000000070c600000, 0x0000000800000000)
  region size 2048K, 3 young (6144K), 3 survivors (6144K)
 Metaspace       used 42267K, committed 42880K, reserved 1114112K
  class space    used 5544K, committed 5824K, reserved 1048576K
}

